<?xml version="1.0" encoding="UTF-8"?>
<!-- Generated by org.testng.reporters.JUnitXMLReporter -->
<testsuite hostname="DESKTOP-S8KR3J5" failures="0" tests="1" name="Test en Chrome" time="0.736" errors="0" timestamp="7 Jan 2021 18:07:21 GMT">
  <testcase classname="com.testng.selenium.CrossBrowserTesting" name="@BeforeClass setup" time="0.0">
    <failure type="org.openqa.selenium.WebDriverException" message="unknown error: cannot find Chrome binary
Build info: version: &amp;apos;3.141.59&amp;apos;, revision: &amp;apos;e82be7d358&amp;apos;, time: &amp;apos;2018-11-14T08:17:03&amp;apos;
System info: host: &amp;apos;DESKTOP-S8KR3J5&amp;apos;, ip: &amp;apos;192.168.1.95&amp;apos;, os.name: &amp;apos;Windows 10&amp;apos;, os.arch: &amp;apos;amd64&amp;apos;, os.version: &amp;apos;10.0&amp;apos;, java.version: &amp;apos;15.0.1&amp;apos;
Driver info: driver.version: ChromeDriver
remote stacktrace: Backtrace:
	Ordinal0 [0x0158C0C3+3326147]
	Ordinal0 [0x01470851+2164817]
	Ordinal0 [0x012F7298+619160]
	Ordinal0 [0x0126D6B2+54962]
	Ordinal0 [0x0126C38A+50058]
	Ordinal0 [0x01295F3E+220990]
	Ordinal0 [0x01295CAC+220332]
	Ordinal0 [0x0129189B+202907]
	Ordinal0 [0x01273DF4+81396]
	Ordinal0 [0x01274DEE+85486]
	Ordinal0 [0x01274D79+85369]
	Ordinal0 [0x014885DC+2262492]
	GetHandleVerifier [0x01712874+1487204]
	GetHandleVerifier [0x017123CD+1486013]
	GetHandleVerifier [0x0171A368+1518680]
	GetHandleVerifier [0x01712F4E+1488958]
	Ordinal0 [0x0147ED0D+2223373]
	Ordinal0 [0x0148A12B+2269483]
	Ordinal0 [0x0148A26F+2269807]
	Ordinal0 [0x0149ECB8+2354360]
	BaseThreadInitThunk [0x753B0419+25]
	RtlGetAppContainerNamedObjectPath [0x76F074ED+237]
	RtlGetAppContainerNamedObjectPath [0x76F074BD+189]
">
      <![CDATA[org.openqa.selenium.WebDriverException: unknown error: cannot find Chrome binary
Build info: version: '3.141.59', revision: 'e82be7d358', time: '2018-11-14T08:17:03'
System info: host: 'DESKTOP-S8KR3J5', ip: '192.168.1.95', os.name: 'Windows 10', os.arch: 'amd64', os.version: '10.0', java.version: '15.0.1'
Driver info: driver.version: ChromeDriver
remote stacktrace: Backtrace:
	Ordinal0 [0x0158C0C3+3326147]
	Ordinal0 [0x01470851+2164817]
	Ordinal0 [0x012F7298+619160]
	Ordinal0 [0x0126D6B2+54962]
	Ordinal0 [0x0126C38A+50058]
	Ordinal0 [0x01295F3E+220990]
	Ordinal0 [0x01295CAC+220332]
	Ordinal0 [0x0129189B+202907]
	Ordinal0 [0x01273DF4+81396]
	Ordinal0 [0x01274DEE+85486]
	Ordinal0 [0x01274D79+85369]
	Ordinal0 [0x014885DC+2262492]
	GetHandleVerifier [0x01712874+1487204]
	GetHandleVerifier [0x017123CD+1486013]
	GetHandleVerifier [0x0171A368+1518680]
	GetHandleVerifier [0x01712F4E+1488958]
	Ordinal0 [0x0147ED0D+2223373]
	Ordinal0 [0x0148A12B+2269483]
	Ordinal0 [0x0148A26F+2269807]
	Ordinal0 [0x0149ECB8+2354360]
	BaseThreadInitThunk [0x753B0419+25]
	RtlGetAppContainerNamedObjectPath [0x76F074ED+237]
	RtlGetAppContainerNamedObjectPath [0x76F074BD+189]

	at org.openqa.selenium.remote.W3CHandshakeResponse.lambda$errorHandler$0(W3CHandshakeResponse.java:62)
	at org.openqa.selenium.remote.HandshakeResponse.lambda$getResponseFunction$0(HandshakeResponse.java:30)
	at org.openqa.selenium.remote.ProtocolHandshake.lambda$createSession$0(ProtocolHandshake.java:126)
	at java.base/java.util.stream.ReferencePipeline$3$1.accept(ReferencePipeline.java:195)
	at java.base/java.util.Spliterators$ArraySpliterator.tryAdvance(Spliterators.java:958)
	at java.base/java.util.stream.ReferencePipeline.forEachWithCancel(ReferencePipeline.java:127)
	at java.base/java.util.stream.AbstractPipeline.copyIntoWithCancel(AbstractPipeline.java:502)
	at java.base/java.util.stream.AbstractPipeline.copyInto(AbstractPipeline.java:488)
	at java.base/java.util.stream.AbstractPipeline.wrapAndCopyInto(AbstractPipeline.java:474)
	at java.base/java.util.stream.FindOps$FindOp.evaluateSequential(FindOps.java:150)
	at java.base/java.util.stream.AbstractPipeline.evaluate(AbstractPipeline.java:234)
	at java.base/java.util.stream.ReferencePipeline.findFirst(ReferencePipeline.java:543)
	at org.openqa.selenium.remote.ProtocolHandshake.createSession(ProtocolHandshake.java:128)
	at org.openqa.selenium.remote.ProtocolHandshake.createSession(ProtocolHandshake.java:74)
	at org.openqa.selenium.remote.HttpCommandExecutor.execute(HttpCommandExecutor.java:136)
	at org.openqa.selenium.remote.service.DriverCommandExecutor.execute(DriverCommandExecutor.java:83)
	at org.openqa.selenium.remote.RemoteWebDriver.execute(RemoteWebDriver.java:552)
	at org.openqa.selenium.remote.RemoteWebDriver.startSession(RemoteWebDriver.java:213)
	at org.openqa.selenium.remote.RemoteWebDriver.<init>(RemoteWebDriver.java:131)
	at org.openqa.selenium.chrome.ChromeDriver.<init>(ChromeDriver.java:181)
	at org.openqa.selenium.chrome.ChromeDriver.<init>(ChromeDriver.java:168)
	at org.openqa.selenium.chrome.ChromeDriver.<init>(ChromeDriver.java:123)
	at com.testng.selenium.CrossBrowserTesting.setup(CrossBrowserTesting.java:30)
... Removed 29 stack frames]]>
    </failure>
  </testcase> <!-- @BeforeClass setup -->
  <testcase classname="com.testng.selenium.CrossBrowserTesting" name="@AfterClass tearDown" time="0.0">
    <skipped/>
  </testcase> <!-- @AfterClass tearDown -->
  <testcase classname="com.testng.selenium.CrossBrowserTesting" name="busquedaMultiNavegador" time="0.001">
    <skipped/>
  </testcase> <!-- busquedaMultiNavegador -->
</testsuite> <!-- Test en Chrome -->
